<?xml version="1.0" encoding="UTF-8"?>
<testsuite xmlns:xsi="http://www.w3.org/2001/XMLSchema-instance" xsi:noNamespaceSchemaLocation="https://maven.apache.org/surefire/maven-surefire-plugin/xsd/surefire-test-report.xsd" name="com.adidas.service.FlickrPhotoRetrieverImplTest" time="0.374" tests="4" errors="0" skipped="0" failures="0">
  <properties>
[...]
</properties>
  <testcase name="shouldNotGetFlickrPhotosByTag" classname="com.adidas.service.FlickrPhotoRetrieverImplTest" time="0.041"/>
  <testcase name="shouldSearchPhotosByTag" classname="com.adidas.service.FlickrPhotoRetrieverImplTest" time="0.002"/>
  <testcase name="shouldNotSearchPhotosByTag" classname="com.adidas.service.FlickrPhotoRetrieverImplTest" time="0"/>
  <testcase name="shouldGetFlickrPhotosByTag" classname="com.adidas.service.FlickrPhotoRetrieverImplTest" time="0.115"/>
</testsuite>